Starting bonus tests...
Current directory: /Users/lhasmi/Desktop/cub3D_all/cub3d
******************
************************************
************************************
Running with maps/bonus/big.cub
Next file: maps/bonus/big_cube.cub
************************************
************************************
Running with maps/bonus/big_cube.cub
Next file: maps/bonus/crazy_bonus.cub
************************************
************************************
Running with maps/bonus/crazy_bonus.cub
Next file: maps/bonus/gero.cub
************************************
************************************
Running with maps/bonus/gero.cub
Error
: Invalid number of textures or colors params
Next file: maps/bonus/map_exp.cub
******************
Running with maps/bonus/map_exp.cub
******************
All tests completed.
